   1. Iterative MergeSort
   2. Recursive QuickSort
   3. Exit program. 
Make your menu selection now: 2
Enter number of integers: 3
Enter integer number 1: 1
Enter integer number 2: 2
Enter integer number 3: 3
The array after quickSort: 
2
1
3

Number of comparisons: 3
   1. Iterative MergeSort
   2. Recursive QuickSort
   3. Exit program. 
Make your menu selection now: 2
Enter number of integers: 3
Enter integer number 1: 3
Enter integer number 2: 2
Enter integer number 3: 1
The array after quickSort: 
1
2
3

Number of comparisons: 6
   1. Iterative MergeSort
   2. Recursive QuickSort
   3. Exit program. 
Make your menu selection now: 2
Enter number of integers: 3
Enter integer number 1: 7
Enter integer number 2: 3
Enter integer number 3: 9
The array after quickSort: 
3
7
9

Number of comparisons: 8
   1. Iterative MergeSort
   2. Recursive QuickSort
   3. Exit program. 
Make your menu selection now: 2
Enter number of integers: 1
Enter integer number 1: 9
The array after quickSort: 
9

Number of comparisons: 8
   1. Iterative MergeSort
   2. Recursive QuickSort
   3. Exit program. 
Make your menu selection now: 3
Good bye! :)
